   1               		.file	"slave.c"
   2               	__SP_H__ = 0x3e
   3               	__SP_L__ = 0x3d
   4               	__SREG__ = 0x3f
   5               	__tmp_reg__ = 0
   6               	__zero_reg__ = 1
   7               		.text
   8               	.Ltext0:
   9               		.cfi_sections	.debug_frame
  10               	.global	flash
  12               	flash:
  13               	.LFB6:
  14               		.file 1 "slave.c"
   1:slave.c       **** #include <avr/io.h>
   2:slave.c       **** 
   3:slave.c       **** #define F_CPU 1000000
   4:slave.c       **** #include <util/delay.h>
   5:slave.c       **** 
   6:slave.c       **** #include "../i2c.h"
   7:slave.c       **** 
   8:slave.c       **** //These two functions are just to display the data communicated
   9:slave.c       **** void flash()
  10:slave.c       **** {
  15               		.loc 1 10 0
  16               		.cfi_startproc
  17               	/* prologue: function */
  18               	/* frame size = 0 */
  19               	/* stack size = 0 */
  20               	.L__stack_usage = 0
  11:slave.c       **** 	PORTB |= 0b1000;
  21               		.loc 1 11 0
  22 0000 C39A      		sbi 0x18,3
  23               	.LVL0:
  24               	.LBB12:
  25               	.LBB13:
  26               		.file 2 "/usr/local/CrossPack-AVR-20131216/avr/include/util/delay.h"
   1:/usr/local/CrossPack-AVR-20131216/avr/include/util/delay.h **** /* Copyright (c) 2002, Marek Michalkiewicz
   2:/usr/local/CrossPack-AVR-20131216/avr/include/util/delay.h ****    Copyright (c) 2004,2005,2007 Joerg Wunsch
   3:/usr/local/CrossPack-AVR-20131216/avr/include/util/delay.h ****    Copyright (c) 2007  Florin-Viorel Petrov
   4:/usr/local/CrossPack-AVR-20131216/avr/include/util/delay.h ****    All rights reserved.
   5:/usr/local/CrossPack-AVR-20131216/avr/include/util/delay.h **** 
   6:/usr/local/CrossPack-AVR-20131216/avr/include/util/delay.h ****    Redistribution and use in source and binary forms, with or without
   7:/usr/local/CrossPack-AVR-20131216/avr/include/util/delay.h ****    modification, are permitted provided that the following conditions are met:
   8:/usr/local/CrossPack-AVR-20131216/avr/include/util/delay.h **** 
   9:/usr/local/CrossPack-AVR-20131216/avr/include/util/delay.h ****    * Redistributions of source code must retain the above copyright
  10:/usr/local/CrossPack-AVR-20131216/avr/include/util/delay.h ****      notice, this list of conditions and the following disclaimer.
  11:/usr/local/CrossPack-AVR-20131216/avr/include/util/delay.h **** 
  12:/usr/local/CrossPack-AVR-20131216/avr/include/util/delay.h ****    * Redistributions in binary form must reproduce the above copyright
  13:/usr/local/CrossPack-AVR-20131216/avr/include/util/delay.h ****      notice, this list of conditions and the following disclaimer in
  14:/usr/local/CrossPack-AVR-20131216/avr/include/util/delay.h ****      the documentation and/or other materials provided with the
  15:/usr/local/CrossPack-AVR-20131216/avr/include/util/delay.h ****      distribution.
  16:/usr/local/CrossPack-AVR-20131216/avr/include/util/delay.h **** 
  17:/usr/local/CrossPack-AVR-20131216/avr/include/util/delay.h ****    * Neither the name of the copyright holders nor the names of
  18:/usr/local/CrossPack-AVR-20131216/avr/include/util/delay.h ****      contributors may be used to endorse or promote products derived
  19:/usr/local/CrossPack-AVR-20131216/avr/include/util/delay.h ****      from this software without specific prior written permission.
  20:/usr/local/CrossPack-AVR-20131216/avr/include/util/delay.h **** 
  21:/usr/local/CrossPack-AVR-20131216/avr/include/util/delay.h ****   THIS SOFTWARE IS PROVIDED BY THE COPYRIGHT HOLDERS AND CONTRIBUTORS "AS IS"
  22:/usr/local/CrossPack-AVR-20131216/avr/include/util/delay.h ****   AND ANY EXPRESS OR IMPLIED WARRANTIES, INCLUDING, BUT NOT LIMITED TO, THE
  23:/usr/local/CrossPack-AVR-20131216/avr/include/util/delay.h ****   IMPLIED WARRANTIES OF MERCHANTABILITY AND FITNESS FOR A PARTICULAR PURPOSE
  24:/usr/local/CrossPack-AVR-20131216/avr/include/util/delay.h ****   ARE DISCLAIMED. IN NO EVENT SHALL THE COPYRIGHT OWNER OR CONTRIBUTORS BE
  25:/usr/local/CrossPack-AVR-20131216/avr/include/util/delay.h ****   LIABLE FOR ANY DIRECT, INDIRECT, INCIDENTAL, SPECIAL, EXEMPLARY, OR
  26:/usr/local/CrossPack-AVR-20131216/avr/include/util/delay.h ****   CONSEQUENTIAL DAMAGES (INCLUDING, BUT NOT LIMITED TO, PROCUREMENT OF
  27:/usr/local/CrossPack-AVR-20131216/avr/include/util/delay.h ****   SUBSTITUTE GOODS OR SERVICES; LOSS OF USE, DATA, OR PROFITS; OR BUSINESS
  28:/usr/local/CrossPack-AVR-20131216/avr/include/util/delay.h ****   INTERRUPTION) HOWEVER CAUSED AND ON ANY THEORY OF LIABILITY, WHETHER IN
  29:/usr/local/CrossPack-AVR-20131216/avr/include/util/delay.h ****   CONTRACT, STRICT LIABILITY, OR TORT (INCLUDING NEGLIGENCE OR OTHERWISE)
  30:/usr/local/CrossPack-AVR-20131216/avr/include/util/delay.h ****   ARISING IN ANY WAY OUT OF THE USE OF THIS SOFTWARE, EVEN IF ADVISED OF THE
  31:/usr/local/CrossPack-AVR-20131216/avr/include/util/delay.h ****   POSSIBILITY OF SUCH DAMAGE. */
  32:/usr/local/CrossPack-AVR-20131216/avr/include/util/delay.h **** 
  33:/usr/local/CrossPack-AVR-20131216/avr/include/util/delay.h **** /* $Id$ */
  34:/usr/local/CrossPack-AVR-20131216/avr/include/util/delay.h **** 
  35:/usr/local/CrossPack-AVR-20131216/avr/include/util/delay.h **** #ifndef _UTIL_DELAY_H_
  36:/usr/local/CrossPack-AVR-20131216/avr/include/util/delay.h **** #define _UTIL_DELAY_H_ 1
  37:/usr/local/CrossPack-AVR-20131216/avr/include/util/delay.h **** 
  38:/usr/local/CrossPack-AVR-20131216/avr/include/util/delay.h **** #ifndef __HAS_DELAY_CYCLES
  39:/usr/local/CrossPack-AVR-20131216/avr/include/util/delay.h **** #define __HAS_DELAY_CYCLES 1
  40:/usr/local/CrossPack-AVR-20131216/avr/include/util/delay.h **** #endif
  41:/usr/local/CrossPack-AVR-20131216/avr/include/util/delay.h **** 
  42:/usr/local/CrossPack-AVR-20131216/avr/include/util/delay.h **** #include <inttypes.h>
  43:/usr/local/CrossPack-AVR-20131216/avr/include/util/delay.h **** #include <util/delay_basic.h>
  44:/usr/local/CrossPack-AVR-20131216/avr/include/util/delay.h **** #include <math.h>
  45:/usr/local/CrossPack-AVR-20131216/avr/include/util/delay.h **** 
  46:/usr/local/CrossPack-AVR-20131216/avr/include/util/delay.h **** /** \file */
  47:/usr/local/CrossPack-AVR-20131216/avr/include/util/delay.h **** /** \defgroup util_delay <util/delay.h>: Convenience functions for busy-wait delay loops
  48:/usr/local/CrossPack-AVR-20131216/avr/include/util/delay.h ****     \code
  49:/usr/local/CrossPack-AVR-20131216/avr/include/util/delay.h ****     #define F_CPU 1000000UL  // 1 MHz
  50:/usr/local/CrossPack-AVR-20131216/avr/include/util/delay.h ****     //#define F_CPU 14.7456E6
  51:/usr/local/CrossPack-AVR-20131216/avr/include/util/delay.h ****     #include <util/delay.h>
  52:/usr/local/CrossPack-AVR-20131216/avr/include/util/delay.h ****     \endcode
  53:/usr/local/CrossPack-AVR-20131216/avr/include/util/delay.h **** 
  54:/usr/local/CrossPack-AVR-20131216/avr/include/util/delay.h ****     \note As an alternative method, it is possible to pass the
  55:/usr/local/CrossPack-AVR-20131216/avr/include/util/delay.h ****     F_CPU macro down to the compiler from the Makefile.
  56:/usr/local/CrossPack-AVR-20131216/avr/include/util/delay.h ****     Obviously, in that case, no \c \#define statement should be
  57:/usr/local/CrossPack-AVR-20131216/avr/include/util/delay.h ****     used.
  58:/usr/local/CrossPack-AVR-20131216/avr/include/util/delay.h **** 
  59:/usr/local/CrossPack-AVR-20131216/avr/include/util/delay.h ****     The functions in this header file are wrappers around the basic
  60:/usr/local/CrossPack-AVR-20131216/avr/include/util/delay.h ****     busy-wait functions from <util/delay_basic.h>.  They are meant as
  61:/usr/local/CrossPack-AVR-20131216/avr/include/util/delay.h ****     convenience functions where actual time values can be specified
  62:/usr/local/CrossPack-AVR-20131216/avr/include/util/delay.h ****     rather than a number of cycles to wait for.  The idea behind is
  63:/usr/local/CrossPack-AVR-20131216/avr/include/util/delay.h ****     that compile-time constant expressions will be eliminated by
  64:/usr/local/CrossPack-AVR-20131216/avr/include/util/delay.h ****     compiler optimization so floating-point expressions can be used
  65:/usr/local/CrossPack-AVR-20131216/avr/include/util/delay.h ****     to calculate the number of delay cycles needed based on the CPU
  66:/usr/local/CrossPack-AVR-20131216/avr/include/util/delay.h ****     frequency passed by the macro F_CPU.
  67:/usr/local/CrossPack-AVR-20131216/avr/include/util/delay.h **** 
  68:/usr/local/CrossPack-AVR-20131216/avr/include/util/delay.h ****     \note In order for these functions to work as intended, compiler
  69:/usr/local/CrossPack-AVR-20131216/avr/include/util/delay.h ****     optimizations <em>must</em> be enabled, and the delay time
  70:/usr/local/CrossPack-AVR-20131216/avr/include/util/delay.h ****     <em>must</em> be an expression that is a known constant at
  71:/usr/local/CrossPack-AVR-20131216/avr/include/util/delay.h ****     compile-time.  If these requirements are not met, the resulting
  72:/usr/local/CrossPack-AVR-20131216/avr/include/util/delay.h ****     delay will be much longer (and basically unpredictable), and
  73:/usr/local/CrossPack-AVR-20131216/avr/include/util/delay.h ****     applications that otherwise do not use floating-point calculations
  74:/usr/local/CrossPack-AVR-20131216/avr/include/util/delay.h ****     will experience severe code bloat by the floating-point library
  75:/usr/local/CrossPack-AVR-20131216/avr/include/util/delay.h ****     routines linked into the application.
  76:/usr/local/CrossPack-AVR-20131216/avr/include/util/delay.h **** 
  77:/usr/local/CrossPack-AVR-20131216/avr/include/util/delay.h ****     The functions available allow the specification of microsecond, and
  78:/usr/local/CrossPack-AVR-20131216/avr/include/util/delay.h ****     millisecond delays directly, using the application-supplied macro
  79:/usr/local/CrossPack-AVR-20131216/avr/include/util/delay.h ****     F_CPU as the CPU clock frequency (in Hertz).
  80:/usr/local/CrossPack-AVR-20131216/avr/include/util/delay.h **** 
  81:/usr/local/CrossPack-AVR-20131216/avr/include/util/delay.h **** */
  82:/usr/local/CrossPack-AVR-20131216/avr/include/util/delay.h **** 
  83:/usr/local/CrossPack-AVR-20131216/avr/include/util/delay.h **** #if !defined(__DOXYGEN__)
  84:/usr/local/CrossPack-AVR-20131216/avr/include/util/delay.h **** static inline void _delay_us(double __us) __attribute__((always_inline));
  85:/usr/local/CrossPack-AVR-20131216/avr/include/util/delay.h **** static inline void _delay_ms(double __ms) __attribute__((always_inline));
  86:/usr/local/CrossPack-AVR-20131216/avr/include/util/delay.h **** #endif
  87:/usr/local/CrossPack-AVR-20131216/avr/include/util/delay.h **** 
  88:/usr/local/CrossPack-AVR-20131216/avr/include/util/delay.h **** #ifndef F_CPU
  89:/usr/local/CrossPack-AVR-20131216/avr/include/util/delay.h **** /* prevent compiler error by supplying a default */
  90:/usr/local/CrossPack-AVR-20131216/avr/include/util/delay.h **** # warning "F_CPU not defined for <util/delay.h>"
  91:/usr/local/CrossPack-AVR-20131216/avr/include/util/delay.h **** # define F_CPU 1000000UL
  92:/usr/local/CrossPack-AVR-20131216/avr/include/util/delay.h **** #endif
  93:/usr/local/CrossPack-AVR-20131216/avr/include/util/delay.h **** 
  94:/usr/local/CrossPack-AVR-20131216/avr/include/util/delay.h **** #ifndef __OPTIMIZE__
  95:/usr/local/CrossPack-AVR-20131216/avr/include/util/delay.h **** # warning "Compiler optimizations disabled; functions from <util/delay.h> won't work as designed"
  96:/usr/local/CrossPack-AVR-20131216/avr/include/util/delay.h **** #endif
  97:/usr/local/CrossPack-AVR-20131216/avr/include/util/delay.h **** 
  98:/usr/local/CrossPack-AVR-20131216/avr/include/util/delay.h **** #if __HAS_DELAY_CYCLES && defined(__OPTIMIZE__) && \
  99:/usr/local/CrossPack-AVR-20131216/avr/include/util/delay.h ****   !defined(__DELAY_BACKWARD_COMPATIBLE__) &&	   \
 100:/usr/local/CrossPack-AVR-20131216/avr/include/util/delay.h ****   __STDC_HOSTED__
 101:/usr/local/CrossPack-AVR-20131216/avr/include/util/delay.h **** #  include <math.h>
 102:/usr/local/CrossPack-AVR-20131216/avr/include/util/delay.h **** #endif
 103:/usr/local/CrossPack-AVR-20131216/avr/include/util/delay.h **** 
 104:/usr/local/CrossPack-AVR-20131216/avr/include/util/delay.h **** /**
 105:/usr/local/CrossPack-AVR-20131216/avr/include/util/delay.h ****    \ingroup util_delay
 106:/usr/local/CrossPack-AVR-20131216/avr/include/util/delay.h **** 
 107:/usr/local/CrossPack-AVR-20131216/avr/include/util/delay.h ****    Perform a delay of \c __ms milliseconds, using _delay_loop_2().
 108:/usr/local/CrossPack-AVR-20131216/avr/include/util/delay.h **** 
 109:/usr/local/CrossPack-AVR-20131216/avr/include/util/delay.h ****    The macro F_CPU is supposed to be defined to a
 110:/usr/local/CrossPack-AVR-20131216/avr/include/util/delay.h ****    constant defining the CPU clock frequency (in Hertz).
 111:/usr/local/CrossPack-AVR-20131216/avr/include/util/delay.h **** 
 112:/usr/local/CrossPack-AVR-20131216/avr/include/util/delay.h ****    The maximal possible delay is 262.14 ms / F_CPU in MHz.
 113:/usr/local/CrossPack-AVR-20131216/avr/include/util/delay.h **** 
 114:/usr/local/CrossPack-AVR-20131216/avr/include/util/delay.h ****    When the user request delay which exceed the maximum possible one,
 115:/usr/local/CrossPack-AVR-20131216/avr/include/util/delay.h ****    _delay_ms() provides a decreased resolution functionality. In this
 116:/usr/local/CrossPack-AVR-20131216/avr/include/util/delay.h ****    mode _delay_ms() will work with a resolution of 1/10 ms, providing
 117:/usr/local/CrossPack-AVR-20131216/avr/include/util/delay.h ****    delays up to 6.5535 seconds (independent from CPU frequency).  The
 118:/usr/local/CrossPack-AVR-20131216/avr/include/util/delay.h ****    user will not be informed about decreased resolution.
 119:/usr/local/CrossPack-AVR-20131216/avr/include/util/delay.h **** 
 120:/usr/local/CrossPack-AVR-20131216/avr/include/util/delay.h ****    If the avr-gcc toolchain has __builtin_avr_delay_cycles(unsigned long)
 121:/usr/local/CrossPack-AVR-20131216/avr/include/util/delay.h ****    support, maximal possible delay is 4294967.295 ms/ F_CPU in MHz. For
 122:/usr/local/CrossPack-AVR-20131216/avr/include/util/delay.h ****    values greater than the maximal possible delay, overflows results in
 123:/usr/local/CrossPack-AVR-20131216/avr/include/util/delay.h ****    no delay i.e., 0ms.
 124:/usr/local/CrossPack-AVR-20131216/avr/include/util/delay.h **** 
 125:/usr/local/CrossPack-AVR-20131216/avr/include/util/delay.h ****    Conversion of __us into clock cycles may not always result in integer.
 126:/usr/local/CrossPack-AVR-20131216/avr/include/util/delay.h ****    By default, the clock cycles rounded up to next integer. This ensures that
 127:/usr/local/CrossPack-AVR-20131216/avr/include/util/delay.h ****    the user gets atleast __us microseconds of delay.
 128:/usr/local/CrossPack-AVR-20131216/avr/include/util/delay.h **** 
 129:/usr/local/CrossPack-AVR-20131216/avr/include/util/delay.h ****    Alternatively, user can define __DELAY_ROUND_DOWN__ and __DELAY_ROUND_CLOSEST__
 130:/usr/local/CrossPack-AVR-20131216/avr/include/util/delay.h ****    to round down and round to closest integer.
 131:/usr/local/CrossPack-AVR-20131216/avr/include/util/delay.h **** 
 132:/usr/local/CrossPack-AVR-20131216/avr/include/util/delay.h ****    Note: The new implementation of _delay_ms(double __ms) with 
 133:/usr/local/CrossPack-AVR-20131216/avr/include/util/delay.h ****     __builtin_avr_delay_cycles(unsigned long) support is not backward compatible. 
 134:/usr/local/CrossPack-AVR-20131216/avr/include/util/delay.h ****    User can define __DELAY_BACKWARD_COMPATIBLE__ to get a backward compatible delay.
 135:/usr/local/CrossPack-AVR-20131216/avr/include/util/delay.h ****    Also, the backward compatible
 136:/usr/local/CrossPack-AVR-20131216/avr/include/util/delay.h ****    algorithm will be chosen if the code is compiled in a <em>freestanding
 137:/usr/local/CrossPack-AVR-20131216/avr/include/util/delay.h ****    environment</em> (GCC option \c -ffreestanding), as the math functions
 138:/usr/local/CrossPack-AVR-20131216/avr/include/util/delay.h ****    required for rounding are not available to the compiler then.
 139:/usr/local/CrossPack-AVR-20131216/avr/include/util/delay.h **** 
 140:/usr/local/CrossPack-AVR-20131216/avr/include/util/delay.h ****  */
 141:/usr/local/CrossPack-AVR-20131216/avr/include/util/delay.h **** void
 142:/usr/local/CrossPack-AVR-20131216/avr/include/util/delay.h **** _delay_ms(double __ms)
 143:/usr/local/CrossPack-AVR-20131216/avr/include/util/delay.h **** {
 144:/usr/local/CrossPack-AVR-20131216/avr/include/util/delay.h **** 	double __tmp ; 
 145:/usr/local/CrossPack-AVR-20131216/avr/include/util/delay.h **** #if __HAS_DELAY_CYCLES && defined(__OPTIMIZE__) && \
 146:/usr/local/CrossPack-AVR-20131216/avr/include/util/delay.h ****   !defined(__DELAY_BACKWARD_COMPATIBLE__) &&	   \
 147:/usr/local/CrossPack-AVR-20131216/avr/include/util/delay.h ****   __STDC_HOSTED__
 148:/usr/local/CrossPack-AVR-20131216/avr/include/util/delay.h **** 	uint32_t __ticks_dc;
 149:/usr/local/CrossPack-AVR-20131216/avr/include/util/delay.h **** 	extern void __builtin_avr_delay_cycles(unsigned long);
 150:/usr/local/CrossPack-AVR-20131216/avr/include/util/delay.h **** 	__tmp = ((F_CPU) / 1e3) * __ms;
 151:/usr/local/CrossPack-AVR-20131216/avr/include/util/delay.h **** 
 152:/usr/local/CrossPack-AVR-20131216/avr/include/util/delay.h **** 	#if defined(__DELAY_ROUND_DOWN__)
 153:/usr/local/CrossPack-AVR-20131216/avr/include/util/delay.h **** 		__ticks_dc = (uint32_t)fabs(__tmp);
 154:/usr/local/CrossPack-AVR-20131216/avr/include/util/delay.h **** 
 155:/usr/local/CrossPack-AVR-20131216/avr/include/util/delay.h **** 	#elif defined(__DELAY_ROUND_CLOSEST__)
 156:/usr/local/CrossPack-AVR-20131216/avr/include/util/delay.h **** 		__ticks_dc = (uint32_t)(fabs(__tmp)+0.5);
 157:/usr/local/CrossPack-AVR-20131216/avr/include/util/delay.h **** 
 158:/usr/local/CrossPack-AVR-20131216/avr/include/util/delay.h **** 	#else
 159:/usr/local/CrossPack-AVR-20131216/avr/include/util/delay.h **** 		//round up by default
 160:/usr/local/CrossPack-AVR-20131216/avr/include/util/delay.h **** 		__ticks_dc = (uint32_t)(ceil(fabs(__tmp)));
 161:/usr/local/CrossPack-AVR-20131216/avr/include/util/delay.h **** 	#endif
 162:/usr/local/CrossPack-AVR-20131216/avr/include/util/delay.h **** 
 163:/usr/local/CrossPack-AVR-20131216/avr/include/util/delay.h **** 	__builtin_avr_delay_cycles(__ticks_dc);
  27               		.loc 2 163 0
  28 0002 87EA      		ldi r24,lo8(24999)
  29 0004 91E6      		ldi r25,hi8(24999)
  30 0006 0197      		1: sbiw r24,1
  31 0008 01F4      		brne 1b
  32 000a 00C0      		rjmp .
  33 000c 0000      		nop
  34               	.LBE13:
  35               	.LBE12:
  12:slave.c       **** 	_delay_ms(100);
  13:slave.c       **** 	PORTB ^= 0b1000;
  36               		.loc 1 13 0
  37 000e 88B3      		in r24,0x18
  38 0010 98E0      		ldi r25,lo8(8)
  39 0012 8927      		eor r24,r25
  40 0014 88BB      		out 0x18,r24
  41               	.LVL1:
  42               	.LBB14:
  43               	.LBB15:
  44               		.loc 2 163 0
  45 0016 87EA      		ldi r24,lo8(24999)
  46 0018 91E6      		ldi r25,hi8(24999)
  47 001a 0197      		1: sbiw r24,1
  48 001c 01F4      		brne 1b
  49 001e 00C0      		rjmp .
  50 0020 0000      		nop
  51 0022 0895      		ret
  52               	.LBE15:
  53               	.LBE14:
  54               		.cfi_endproc
  55               	.LFE6:
  57               	.global	displayByte
  59               	displayByte:
  60               	.LFB7:
  14:slave.c       **** 	_delay_ms(100);
  15:slave.c       **** }
  16:slave.c       **** void displayByte(char byte)
  17:slave.c       **** {
  61               		.loc 1 17 0
  62               		.cfi_startproc
  63               	.LVL2:
  64               	/* prologue: function */
  65               	/* frame size = 0 */
  66               	/* stack size = 0 */
  67               	.L__stack_usage = 0
  18:slave.c       **** 	//DDRB |= 0b11000;i2c
  19:slave.c       **** 	unsigned int bit = 0;
  68               		.loc 1 19 0
  69 0024 20E0      		ldi r18,0
  70 0026 30E0      		ldi r19,0
  20:slave.c       **** 	while(bit < 8)
  21:slave.c       **** 	{
  22:slave.c       **** 		_delay_ms(50);
  23:slave.c       **** 
  24:slave.c       **** 		//If bit is 1
  25:slave.c       **** 		if(1 & (byte >> bit))
  71               		.loc 1 25 0
  72 0028 90E0      		ldi r25,0
  73               	.LVL3:
  74               	.L6:
  75               	.LBB16:
  76               	.LBB17:
  77               		.loc 2 163 0
  78 002a E3ED      		ldi r30,lo8(12499)
  79 002c F0E3      		ldi r31,hi8(12499)
  80 002e 3197      		1: sbiw r30,1
  81 0030 01F4      		brne 1b
  82 0032 00C0      		rjmp .
  83 0034 0000      		nop
  84               	.LBE17:
  85               	.LBE16:
  86               		.loc 1 25 0
  87 0036 AC01      		movw r20,r24
  88 0038 022E      		mov r0,r18
  89 003a 00C0      		rjmp 2f
  90               		1:
  91 003c 5595      		asr r21
  92 003e 4795      		ror r20
  93               		2:
  94 0040 0A94      		dec r0
  95 0042 02F4      		brpl 1b
  96 0044 40FF      		sbrs r20,0
  97 0046 00C0      		rjmp .L3
  26:slave.c       **** 		{
  27:slave.c       **** 			PORTB |= 0b1000;
  98               		.loc 1 27 0
  99 0048 C39A      		sbi 0x18,3
 100               	.LVL4:
 101               	.LBB18:
 102               	.LBB19:
 103               		.loc 2 163 0
 104 004a FFE5      		ldi r31,lo8(59999)
 105 004c 4AEE      		ldi r20,hi8(59999)
 106 004e 50E0      		ldi r21,hlo8(59999)
 107 0050 F150      		1: subi r31,1
 108 0052 4040      		sbci r20,0
 109 0054 5040      		sbci r21,0
 110 0056 01F4      		brne 1b
 111 0058 00C0      		rjmp .
 112 005a 0000      		nop
 113               	.LBE19:
 114               	.LBE18:
  28:slave.c       **** 			_delay_ms(300);
  29:slave.c       **** 			PORTB &= ~(0b1000);
 115               		.loc 1 29 0
 116 005c C398      		cbi 0x18,3
 117 005e 00C0      		rjmp .L4
 118               	.LVL5:
 119               	.L3:
  30:slave.c       **** 		}
  31:slave.c       **** 		else //If bit is 0
  32:slave.c       **** 		{
  33:slave.c       **** 			PORTB |= 0b10000;
 120               		.loc 1 33 0
 121 0060 C49A      		sbi 0x18,4
 122               	.LVL6:
 123               	.LBB20:
 124               	.LBB21:
 125               		.loc 2 163 0
 126 0062 6FE5      		ldi r22,lo8(59999)
 127 0064 EAEE      		ldi r30,hi8(59999)
 128 0066 F0E0      		ldi r31,hlo8(59999)
 129 0068 6150      		1: subi r22,1
 130 006a E040      		sbci r30,0
 131 006c F040      		sbci r31,0
 132 006e 01F4      		brne 1b
 133 0070 00C0      		rjmp .
 134 0072 0000      		nop
 135               	.LBE21:
 136               	.LBE20:
  34:slave.c       **** 			_delay_ms(300);
  35:slave.c       **** 			PORTB &= ~(0b10000);
 137               		.loc 1 35 0
 138 0074 C498      		cbi 0x18,4
 139               	.LVL7:
 140               	.L4:
  36:slave.c       **** 		}
  37:slave.c       **** 
  38:slave.c       **** 		bit++;
 141               		.loc 1 38 0
 142 0076 2F5F      		subi r18,-1
 143 0078 3F4F      		sbci r19,-1
 144               	.LVL8:
  20:slave.c       **** 	while(bit < 8)
 145               		.loc 1 20 0
 146 007a 2830      		cpi r18,8
 147 007c 3105      		cpc r19,__zero_reg__
 148 007e 01F4      		brne .L6
 149               	/* epilogue start */
  39:slave.c       **** 	}
  40:slave.c       **** }
 150               		.loc 1 40 0
 151 0080 0895      		ret
 152               		.cfi_endproc
 153               	.LFE7:
 155               		.section	.text.startup,"ax",@progbits
 156               	.global	main
 158               	main:
 159               	.LFB8:
  41:slave.c       **** 
  42:slave.c       **** 
  43:slave.c       **** 
  44:slave.c       **** 
  45:slave.c       **** 
  46:slave.c       **** int main()
  47:slave.c       **** {
 160               		.loc 1 47 0
 161               		.cfi_startproc
 162               	/* prologue: function */
 163               	/* frame size = 0 */
 164               	/* stack size = 0 */
 165               	.L__stack_usage = 0
  48:slave.c       **** 	//Enable LEDs for display - not part of i2c protocol
  49:slave.c       **** 	DDRB |= 0b11000;
 166               		.loc 1 49 0
 167 0000 87B3      		in r24,0x17
 168 0002 8861      		ori r24,lo8(24)
 169 0004 87BB      		out 0x17,r24
 170               	.LVL9:
  50:slave.c       **** 
  51:slave.c       **** 	//Initialize as slave with address 1110000
  52:slave.c       **** 	unsigned char ownAddress = 0b1110000;
  53:slave.c       **** 	i2cSInitialize(ownAddress);
 171               		.loc 1 53 0
 172 0006 80E7      		ldi r24,lo8(112)
 173 0008 00D0      		rcall i2cSInitialize
 174               	.LVL10:
  54:slave.c       **** 
  55:slave.c       **** 	//Wait for message from master and display the (one-byte) message
  56:slave.c       **** 	unsigned char message = i2cSReceiveByte();
 175               		.loc 1 56 0
 176 000a 00D0      		rcall i2cSReceiveByte
 177               	.LVL11:
  57:slave.c       **** 	displayByte(message);
 178               		.loc 1 57 0
 179 000c 00D0      		rcall displayByte
 180               	.LVL12:
  58:slave.c       **** 
  59:slave.c       **** 	//Respond with 10101010
  60:slave.c       **** 	unsigned char response = 0b10101010;
  61:slave.c       **** 	i2cSTransmitByte(response);
 181               		.loc 1 61 0
 182 000e 8AEA      		ldi r24,lo8(-86)
 183 0010 00D0      		rcall i2cSTransmitByte
 184               	.LVL13:
 185               	.L9:
 186 0012 00C0      		rjmp .L9
 187               		.cfi_endproc
 188               	.LFE8:
 190               		.text
 191               	.Letext0:
 192               		.file 3 "/usr/local/CrossPack-AVR-20131216/avr/include/stdint.h"
 193               		.file 4 "../i2c.h"
DEFINED SYMBOLS
                            *ABS*:00000000 slave.c
/var/folders/r8/lvs4pl7j62n7jpxlwq5fkclm0000gn/T//ccla4BsN.s:2      *ABS*:0000003e __SP_H__
/var/folders/r8/lvs4pl7j62n7jpxlwq5fkclm0000gn/T//ccla4BsN.s:3      *ABS*:0000003d __SP_L__
/var/folders/r8/lvs4pl7j62n7jpxlwq5fkclm0000gn/T//ccla4BsN.s:4      *ABS*:0000003f __SREG__
/var/folders/r8/lvs4pl7j62n7jpxlwq5fkclm0000gn/T//ccla4BsN.s:5      *ABS*:00000000 __tmp_reg__
/var/folders/r8/lvs4pl7j62n7jpxlwq5fkclm0000gn/T//ccla4BsN.s:6      *ABS*:00000001 __zero_reg__
/var/folders/r8/lvs4pl7j62n7jpxlwq5fkclm0000gn/T//ccla4BsN.s:12     .text:00000000 flash
/var/folders/r8/lvs4pl7j62n7jpxlwq5fkclm0000gn/T//ccla4BsN.s:59     .text:00000024 displayByte
/var/folders/r8/lvs4pl7j62n7jpxlwq5fkclm0000gn/T//ccla4BsN.s:158    .text.startup:00000000 main

UNDEFINED SYMBOLS
i2cSInitialize
i2cSReceiveByte
i2cSTransmitByte
